[INFO  - 2022-03-23T00:05:23.208Z] GhostDriver - Main - running on port 56972
[INFO  - 2022-03-23T00:05:27.519Z] Session [f1eb4490-aa3c-11ec-9ea8-5bc4156c8ce8] - page.settings - {"XSSAuditingEnabled":false,"javascriptCanCloseWindows":true,"javascriptCanOpenWindows":true,"javascriptEnabled":true,"loadImages":true,"localToRemoteUrlAccessEnabled":false,"userAgent":"Mozilla/5.0 (Windows NT 6.2; WOW64) AppleWebKit/538.1 (KHTML, like Gecko) PhantomJS/2.1.1 Safari/538.1","webSecurityEnabled":true}
[INFO  - 2022-03-23T00:05:27.519Z] Session [f1eb4490-aa3c-11ec-9ea8-5bc4156c8ce8] - page.customHeaders:  - {}
[INFO  - 2022-03-23T00:05:27.521Z] Session [f1eb4490-aa3c-11ec-9ea8-5bc4156c8ce8] - Session.negotiatedCapabilities - {"browserName":"phantomjs","version":"2.1.1","driverName":"ghostdriver","driverVersion":"1.2.0","platform":"windows-10-32bit","javascriptEnabled":true,"takesScreenshot":true,"handlesAlerts":false,"databaseEnabled":false,"locationContextEnabled":false,"applicationCacheEnabled":false,"browserConnectionEnabled":false,"cssSelectorsEnabled":true,"webStorageEnabled":false,"rotatable":false,"acceptSslCerts":false,"nativeEvents":true,"proxy":{"proxyType":"direct"}}
[INFO  - 2022-03-23T00:05:27.522Z] SessionManagerReqHand - _postNewSessionCommand - New Session Created: f1eb4490-aa3c-11ec-9ea8-5bc4156c8ce8
[ERROR - 2022-03-23T00:05:29.445Z] Session [f1eb4490-aa3c-11ec-9ea8-5bc4156c8ce8] - page.onError - msg: ReferenceError: Can't find variable: Set

  phantomjs://platform/console++.js:263 in error
[ERROR - 2022-03-23T00:05:29.446Z] Session [f1eb4490-aa3c-11ec-9ea8-5bc4156c8ce8] - page.onError - stack:
  (anonymous function) (https://crypto.com/nft/static/js/2.625d34ba.chunk.js:1)
  f (https://crypto.com/nft:1)
  (anonymous function) (https://crypto.com/nft/static/js/2.625d34ba.chunk.js:1)
  f (https://crypto.com/nft:1)
  (anonymous function) (https://crypto.com/nft/static/js/main.e431cdc1.chunk.js:1)
  f (https://crypto.com/nft:1)
  (anonymous function) (https://crypto.com/nft/static/js/main.e431cdc1.chunk.js:1)
  f (https://crypto.com/nft:1)
  r (https://crypto.com/nft:1)
  t (https://crypto.com/nft:1)

  phantomjs://platform/console++.js:263 in error
[ERROR - 2022-03-23T00:05:29.453Z] Session [f1eb4490-aa3c-11ec-9ea8-5bc4156c8ce8] - page.onError - msg: ReferenceError: Can't find variable: Set

  phantomjs://platform/console++.js:263 in error
[ERROR - 2022-03-23T00:05:29.454Z] Session [f1eb4490-aa3c-11ec-9ea8-5bc4156c8ce8] - page.onError - stack:
  (anonymous function) (https://static.cloudflareinsights.com/beacon.min.js/v652eace1692a40cfa3763df669d7439c1639079717194:1)
  t (https://static.cloudflareinsights.com/beacon.min.js/v652eace1692a40cfa3763df669d7439c1639079717194:1)
  (anonymous function) (https://static.cloudflareinsights.com/beacon.min.js/v652eace1692a40cfa3763df669d7439c1639079717194:1)
  t (https://static.cloudflareinsights.com/beacon.min.js/v652eace1692a40cfa3763df669d7439c1639079717194:1)
  (anonymous function) (https://static.cloudflareinsights.com/beacon.min.js/v652eace1692a40cfa3763df669d7439c1639079717194:1)

  phantomjs://platform/console++.js:263 in error
